2018-06-19 01:16:54 [127.0.0.1][-][-][error][yii\base\InvalidArgumentException] yii\base\InvalidArgumentException: Response content must not be an array. in C:\Apache24\htdocs\new\vendor\yiisoft\yii2\web\Response.php:1057
Stack trace:
#0 C:\Apache24\htdocs\new\vendor\yiisoft\yii2\web\Response.php(337): yii\web\Response->prepare()
#1 C:\Apache24\htdocs\new\vendor\yiisoft\yii2\base\Application.php(392): yii\web\Response->send()
#2 C:\Apache24\htdocs\new\api\web\index.php(17): yii\base\Application->run()
#3 {main}
2018-06-19 01:16:54 [127.0.0.1][-][-][info][application] $_GET = [
    'open_id' => '123456'
]

$_POST = []

$_FILES = []

$_COOKIE = []

$_SERVER = [
    'REDIRECT_PATH_INFO' => 'login/index'
    'REDIRECT_STATUS' => '200'
    'HTTP_HOST' => 'api.yuda.com'
    'HTTP_ACCEPT' => '*/*'
    'PATH' => 'C:\\Program Files (x86)\\Common Files\\Oracle\\Java\\javapath;C:\\Program Files (x86)\\Common Files\\Intel\\Shared Files\\cpp\\bin\\Intel64;C:\\Program Files\\Java\\jdk1.8.0_91\\bin;C:\\windows\\system32;C:\\windows;C:\\windows\\System32\\Wbem;C:\\windows\\System32\\WindowsPowerShell\\v1.0\\;C:\\Program Files (x86)\\Windows Kits\\10\\Windows Performance Toolkit\\;C:\\Program Files\\Java\\jdk1.8.0_91\\bin;C:\\Program Files\\Java\\jdk1.8.0_91\\jre\\bin;C:\\Program Files\\Java\\gradle-3.5/bin;C:\\php;C:\\ProgramData\\ComposerSetup\\bin;C:\\Program Files\\MySQL\\MySQL Utilities 1.6\\;C:\\Apache24\\bin;C:\\windows\\system32\\config\\systemprofile\\AppData\\Local\\Microsoft\\WindowsApps'
    'SystemRoot' => 'C:\\windows'
    'COMSPEC' => 'C:\\windows\\system32\\cmd.exe'
    'PATHEXT' => '.COM;.EXE;.BAT;.CMD;.VBS;.VBE;.JS;.JSE;.WSF;.WSH;.MSC;.PY'
    'WINDIR' => 'C:\\windows'
    'SERVER_SIGNATURE' => ''
    'SERVER_SOFTWARE' => 'Apache/2.4.29 (Win64) PHP/7.1.4'
    'SERVER_NAME' => 'api.yuda.com'
    'SERVER_ADDR' => '127.0.0.1'
    'SERVER_PORT' => '80'
    'REMOTE_ADDR' => '127.0.0.1'
    'DOCUMENT_ROOT' => 'C:/Apache24/htdocs/new/api/web'
    'REQUEST_SCHEME' => 'http'
    'CONTEXT_PREFIX' => ''
    'CONTEXT_DOCUMENT_ROOT' => 'C:/Apache24/htdocs/new/api/web'
    'SERVER_ADMIN' => '8052935015@qq.com'
    'SCRIPT_FILENAME' => 'C:/Apache24/htdocs/new/api/web/index.php'
    'REMOTE_PORT' => '56872'
    'REDIRECT_URL' => '/login/index'
    'REDIRECT_QUERY_STRING' => 'open_id=123456'
    'GATEWAY_INTERFACE' => 'CGI/1.1'
    'SERVER_PROTOCOL' => 'HTTP/1.1'
    'REQUEST_METHOD' => 'GET'
    'QUERY_STRING' => 'open_id=123456'
    'REQUEST_URI' => '/login/index?open_id=123456'
    'SCRIPT_NAME' => '/index.php'
    'PHP_SELF' => '/index.php'
    'REQUEST_TIME_FLOAT' => 1529371014.433
    'REQUEST_TIME' => 1529371014
]
2018-06-19 01:17:10 [127.0.0.1][-][-][error][yii\base\InvalidArgumentException] yii\base\InvalidArgumentException: Response content must not be an array. in C:\Apache24\htdocs\new\vendor\yiisoft\yii2\web\Response.php:1057
Stack trace:
#0 C:\Apache24\htdocs\new\vendor\yiisoft\yii2\web\Response.php(337): yii\web\Response->prepare()
#1 C:\Apache24\htdocs\new\vendor\yiisoft\yii2\base\Application.php(392): yii\web\Response->send()
#2 C:\Apache24\htdocs\new\api\web\index.php(17): yii\base\Application->run()
#3 {main}
2018-06-19 01:17:10 [127.0.0.1][-][-][info][application] $_GET = [
    'open_id' => ''
]

$_POST = []

$_FILES = []

$_COOKIE = []

$_SERVER = [
    'REDIRECT_PATH_INFO' => 'login/index'
    'REDIRECT_STATUS' => '200'
    'HTTP_HOST' => 'api.yuda.com'
    'HTTP_CONNECTION' => 'keep-alive'
    'HTTP_USER_AGENT' => 'Mozilla/5.0 (Windows NT 6.2; Win64; x64) AppleWebKit/537.36 (KHTML, like Gecko) Chrome/54.0.2840.99 Safari/537.36'
    'HTTP_ACCEPT' => 'image/webp,image/*,*/*;q=0.8'
    'HTTP_ACCEPT_ENCODING' => 'gzip, deflate'
    'HTTP_ACCEPT_LANGUAGE' => 'en-US,en;q=0.8'
    'PATH' => 'C:\\Program Files (x86)\\Common Files\\Oracle\\Java\\javapath;C:\\Program Files (x86)\\Common Files\\Intel\\Shared Files\\cpp\\bin\\Intel64;C:\\Program Files\\Java\\jdk1.8.0_91\\bin;C:\\windows\\system32;C:\\windows;C:\\windows\\System32\\Wbem;C:\\windows\\System32\\WindowsPowerShell\\v1.0\\;C:\\Program Files (x86)\\Windows Kits\\10\\Windows Performance Toolkit\\;C:\\Program Files\\Java\\jdk1.8.0_91\\bin;C:\\Program Files\\Java\\jdk1.8.0_91\\jre\\bin;C:\\Program Files\\Java\\gradle-3.5/bin;C:\\php;C:\\ProgramData\\ComposerSetup\\bin;C:\\Program Files\\MySQL\\MySQL Utilities 1.6\\;C:\\Apache24\\bin;C:\\windows\\system32\\config\\systemprofile\\AppData\\Local\\Microsoft\\WindowsApps'
    'SystemRoot' => 'C:\\windows'
    'COMSPEC' => 'C:\\windows\\system32\\cmd.exe'
    'PATHEXT' => '.COM;.EXE;.BAT;.CMD;.VBS;.VBE;.JS;.JSE;.WSF;.WSH;.MSC;.PY'
    'WINDIR' => 'C:\\windows'
    'SERVER_SIGNATURE' => ''
    'SERVER_SOFTWARE' => 'Apache/2.4.29 (Win64) PHP/7.1.4'
    'SERVER_NAME' => 'api.yuda.com'
    'SERVER_ADDR' => '127.0.0.1'
    'SERVER_PORT' => '80'
    'REMOTE_ADDR' => '127.0.0.1'
    'DOCUMENT_ROOT' => 'C:/Apache24/htdocs/new/api/web'
    'REQUEST_SCHEME' => 'http'
    'CONTEXT_PREFIX' => ''
    'CONTEXT_DOCUMENT_ROOT' => 'C:/Apache24/htdocs/new/api/web'
    'SERVER_ADMIN' => '8052935015@qq.com'
    'SCRIPT_FILENAME' => 'C:/Apache24/htdocs/new/api/web/index.php'
    'REMOTE_PORT' => '56892'
    'REDIRECT_URL' => '/login/index'
    'REDIRECT_QUERY_STRING' => 'open_id='
    'GATEWAY_INTERFACE' => 'CGI/1.1'
    'SERVER_PROTOCOL' => 'HTTP/1.1'
    'REQUEST_METHOD' => 'GET'
    'QUERY_STRING' => 'open_id='
    'REQUEST_URI' => '/login/index?open_id='
    'SCRIPT_NAME' => '/index.php'
    'PHP_SELF' => '/index.php'
    'REQUEST_TIME_FLOAT' => 1529371030.45
    'REQUEST_TIME' => 1529371030
]
2018-06-19 01:17:18 [127.0.0.1][-][-][error][yii\base\InvalidArgumentException] yii\base\InvalidArgumentException: Response content must not be an array. in C:\Apache24\htdocs\new\vendor\yiisoft\yii2\web\Response.php:1057
Stack trace:
#0 C:\Apache24\htdocs\new\vendor\yiisoft\yii2\web\Response.php(337): yii\web\Response->prepare()
#1 C:\Apache24\htdocs\new\vendor\yiisoft\yii2\base\Application.php(392): yii\web\Response->send()
#2 C:\Apache24\htdocs\new\api\web\index.php(17): yii\base\Application->run()
#3 {main}
2018-06-19 01:17:18 [127.0.0.1][-][-][info][application] $_GET = [
    'open_id' => '123456'
]

$_POST = []

$_FILES = []

$_COOKIE = []

$_SERVER = [
    'REDIRECT_PATH_INFO' => 'login/index'
    'REDIRECT_STATUS' => '200'
    'HTTP_HOST' => 'api.yuda.com'
    'HTTP_ACCEPT' => '*/*'
    'PATH' => 'C:\\Program Files (x86)\\Common Files\\Oracle\\Java\\javapath;C:\\Program Files (x86)\\Common Files\\Intel\\Shared Files\\cpp\\bin\\Intel64;C:\\Program Files\\Java\\jdk1.8.0_91\\bin;C:\\windows\\system32;C:\\windows;C:\\windows\\System32\\Wbem;C:\\windows\\System32\\WindowsPowerShell\\v1.0\\;C:\\Program Files (x86)\\Windows Kits\\10\\Windows Performance Toolkit\\;C:\\Program Files\\Java\\jdk1.8.0_91\\bin;C:\\Program Files\\Java\\jdk1.8.0_91\\jre\\bin;C:\\Program Files\\Java\\gradle-3.5/bin;C:\\php;C:\\ProgramData\\ComposerSetup\\bin;C:\\Program Files\\MySQL\\MySQL Utilities 1.6\\;C:\\Apache24\\bin;C:\\windows\\system32\\config\\systemprofile\\AppData\\Local\\Microsoft\\WindowsApps'
    'SystemRoot' => 'C:\\windows'
    'COMSPEC' => 'C:\\windows\\system32\\cmd.exe'
    'PATHEXT' => '.COM;.EXE;.BAT;.CMD;.VBS;.VBE;.JS;.JSE;.WSF;.WSH;.MSC;.PY'
    'WINDIR' => 'C:\\windows'
    'SERVER_SIGNATURE' => ''
    'SERVER_SOFTWARE' => 'Apache/2.4.29 (Win64) PHP/7.1.4'
    'SERVER_NAME' => 'api.yuda.com'
    'SERVER_ADDR' => '127.0.0.1'
    'SERVER_PORT' => '80'
    'REMOTE_ADDR' => '127.0.0.1'
    'DOCUMENT_ROOT' => 'C:/Apache24/htdocs/new/api/web'
    'REQUEST_SCHEME' => 'http'
    'CONTEXT_PREFIX' => ''
    'CONTEXT_DOCUMENT_ROOT' => 'C:/Apache24/htdocs/new/api/web'
    'SERVER_ADMIN' => '8052935015@qq.com'
    'SCRIPT_FILENAME' => 'C:/Apache24/htdocs/new/api/web/index.php'
    'REMOTE_PORT' => '56899'
    'REDIRECT_URL' => '/login/index'
    'REDIRECT_QUERY_STRING' => 'open_id=123456'
    'GATEWAY_INTERFACE' => 'CGI/1.1'
    'SERVER_PROTOCOL' => 'HTTP/1.1'
    'REQUEST_METHOD' => 'GET'
    'QUERY_STRING' => 'open_id=123456'
    'REQUEST_URI' => '/login/index?open_id=123456'
    'SCRIPT_NAME' => '/index.php'
    'PHP_SELF' => '/index.php'
    'REQUEST_TIME_FLOAT' => 1529371038.81
    'REQUEST_TIME' => 1529371038
]
2018-06-19 01:17:51 [127.0.0.1][-][-][error][yii\base\InvalidArgumentException] yii\base\InvalidArgumentException: Response content must not be an array. in C:\Apache24\htdocs\new\vendor\yiisoft\yii2\web\Response.php:1057
Stack trace:
#0 C:\Apache24\htdocs\new\vendor\yiisoft\yii2\web\Response.php(337): yii\web\Response->prepare()
#1 C:\Apache24\htdocs\new\vendor\yiisoft\yii2\base\Application.php(392): yii\web\Response->send()
#2 C:\Apache24\htdocs\new\api\web\index.php(17): yii\base\Application->run()
#3 {main}
2018-06-19 01:17:51 [127.0.0.1][-][-][info][application] $_GET = [
    'open_id' => '123456'
]

$_POST = []

$_FILES = []

$_COOKIE = []

$_SERVER = [
    'REDIRECT_PATH_INFO' => 'login/index'
    'REDIRECT_STATUS' => '200'
    'HTTP_HOST' => 'api.yuda.com'
    'HTTP_ACCEPT' => '*/*'
    'PATH' => 'C:\\Program Files (x86)\\Common Files\\Oracle\\Java\\javapath;C:\\Program Files (x86)\\Common Files\\Intel\\Shared Files\\cpp\\bin\\Intel64;C:\\Program Files\\Java\\jdk1.8.0_91\\bin;C:\\windows\\system32;C:\\windows;C:\\windows\\System32\\Wbem;C:\\windows\\System32\\WindowsPowerShell\\v1.0\\;C:\\Program Files (x86)\\Windows Kits\\10\\Windows Performance Toolkit\\;C:\\Program Files\\Java\\jdk1.8.0_91\\bin;C:\\Program Files\\Java\\jdk1.8.0_91\\jre\\bin;C:\\Program Files\\Java\\gradle-3.5/bin;C:\\php;C:\\ProgramData\\ComposerSetup\\bin;C:\\Program Files\\MySQL\\MySQL Utilities 1.6\\;C:\\Apache24\\bin;C:\\windows\\system32\\config\\systemprofile\\AppData\\Local\\Microsoft\\WindowsApps'
    'SystemRoot' => 'C:\\windows'
    'COMSPEC' => 'C:\\windows\\system32\\cmd.exe'
    'PATHEXT' => '.COM;.EXE;.BAT;.CMD;.VBS;.VBE;.JS;.JSE;.WSF;.WSH;.MSC;.PY'
    'WINDIR' => 'C:\\windows'
    'SERVER_SIGNATURE' => ''
    'SERVER_SOFTWARE' => 'Apache/2.4.29 (Win64) PHP/7.1.4'
    'SERVER_NAME' => 'api.yuda.com'
    'SERVER_ADDR' => '127.0.0.1'
    'SERVER_PORT' => '80'
    'REMOTE_ADDR' => '127.0.0.1'
    'DOCUMENT_ROOT' => 'C:/Apache24/htdocs/new/api/web'
    'REQUEST_SCHEME' => 'http'
    'CONTEXT_PREFIX' => ''
    'CONTEXT_DOCUMENT_ROOT' => 'C:/Apache24/htdocs/new/api/web'
    'SERVER_ADMIN' => '8052935015@qq.com'
    'SCRIPT_FILENAME' => 'C:/Apache24/htdocs/new/api/web/index.php'
    'REMOTE_PORT' => '56914'
    'REDIRECT_URL' => '/login/index'
    'REDIRECT_QUERY_STRING' => 'open_id=123456'
    'GATEWAY_INTERFACE' => 'CGI/1.1'
    'SERVER_PROTOCOL' => 'HTTP/1.1'
    'REQUEST_METHOD' => 'GET'
    'QUERY_STRING' => 'open_id=123456'
    'REQUEST_URI' => '/login/index?open_id=123456'
    'SCRIPT_NAME' => '/index.php'
    'PHP_SELF' => '/index.php'
    'REQUEST_TIME_FLOAT' => 1529371071.7
    'REQUEST_TIME' => 1529371071
]
2018-06-19 01:17:56 [127.0.0.1][-][-][error][yii\base\InvalidArgumentException] yii\base\InvalidArgumentException: Response content must not be an array. in C:\Apache24\htdocs\new\vendor\yiisoft\yii2\web\Response.php:1057
Stack trace:
#0 C:\Apache24\htdocs\new\vendor\yiisoft\yii2\web\Response.php(337): yii\web\Response->prepare()
#1 C:\Apache24\htdocs\new\vendor\yiisoft\yii2\base\Application.php(392): yii\web\Response->send()
#2 C:\Apache24\htdocs\new\api\web\index.php(17): yii\base\Application->run()
#3 {main}
2018-06-19 01:17:56 [127.0.0.1][-][-][info][application] $_GET = [
    'open_id' => '123456'
]

$_POST = []

$_FILES = []

$_COOKIE = []

$_SERVER = [
    'REDIRECT_PATH_INFO' => 'login/index'
    'REDIRECT_STATUS' => '200'
    'HTTP_HOST' => 'api.yuda.com'
    'HTTP_USER_AGENT' => 'Mozilla/5.0 (Windows NT 10.0; WOW64; rv:60.0) Gecko/20100101 Firefox/60.0'
    'HTTP_ACCEPT' => 'text/html,application/xhtml+xml,application/xml;q=0.9,*/*;q=0.8'
    'HTTP_ACCEPT_LANGUAGE' => 'zh-CN,zh;q=0.8,zh-TW;q=0.7,zh-HK;q=0.5,en-US;q=0.3,en;q=0.2'
    'HTTP_ACCEPT_ENCODING' => 'gzip, deflate'
    'HTTP_CONNECTION' => 'keep-alive'
    'HTTP_UPGRADE_INSECURE_REQUESTS' => '1'
    'PATH' => 'C:\\Program Files (x86)\\Common Files\\Oracle\\Java\\javapath;C:\\Program Files (x86)\\Common Files\\Intel\\Shared Files\\cpp\\bin\\Intel64;C:\\Program Files\\Java\\jdk1.8.0_91\\bin;C:\\windows\\system32;C:\\windows;C:\\windows\\System32\\Wbem;C:\\windows\\System32\\WindowsPowerShell\\v1.0\\;C:\\Program Files (x86)\\Windows Kits\\10\\Windows Performance Toolkit\\;C:\\Program Files\\Java\\jdk1.8.0_91\\bin;C:\\Program Files\\Java\\jdk1.8.0_91\\jre\\bin;C:\\Program Files\\Java\\gradle-3.5/bin;C:\\php;C:\\ProgramData\\ComposerSetup\\bin;C:\\Program Files\\MySQL\\MySQL Utilities 1.6\\;C:\\Apache24\\bin;C:\\windows\\system32\\config\\systemprofile\\AppData\\Local\\Microsoft\\WindowsApps'
    'SystemRoot' => 'C:\\windows'
    'COMSPEC' => 'C:\\windows\\system32\\cmd.exe'
    'PATHEXT' => '.COM;.EXE;.BAT;.CMD;.VBS;.VBE;.JS;.JSE;.WSF;.WSH;.MSC;.PY'
    'WINDIR' => 'C:\\windows'
    'SERVER_SIGNATURE' => ''
    'SERVER_SOFTWARE' => 'Apache/2.4.29 (Win64) PHP/7.1.4'
    'SERVER_NAME' => 'api.yuda.com'
    'SERVER_ADDR' => '127.0.0.1'
    'SERVER_PORT' => '80'
    'REMOTE_ADDR' => '127.0.0.1'
    'DOCUMENT_ROOT' => 'C:/Apache24/htdocs/new/api/web'
    'REQUEST_SCHEME' => 'http'
    'CONTEXT_PREFIX' => ''
    'CONTEXT_DOCUMENT_ROOT' => 'C:/Apache24/htdocs/new/api/web'
    'SERVER_ADMIN' => '8052935015@qq.com'
    'SCRIPT_FILENAME' => 'C:/Apache24/htdocs/new/api/web/index.php'
    'REMOTE_PORT' => '56919'
    'REDIRECT_URL' => '/login/index'
    'REDIRECT_QUERY_STRING' => 'open_id=123456'
    'GATEWAY_INTERFACE' => 'CGI/1.1'
    'SERVER_PROTOCOL' => 'HTTP/1.1'
    'REQUEST_METHOD' => 'GET'
    'QUERY_STRING' => 'open_id=123456'
    'REQUEST_URI' => '/login/index?open_id=123456'
    'SCRIPT_NAME' => '/index.php'
    'PHP_SELF' => '/index.php'
    'REQUEST_TIME_FLOAT' => 1529371076.705
    'REQUEST_TIME' => 1529371076
]
