2018-05-11 01:09:48 [127.0.0.1][125][-][trace][yii\base\Controller::runAction] Route to run: user-invoice/search
2018-05-11 01:09:48 [127.0.0.1][125][-][trace][yii\base\InlineAction::runWithParams] Running action: backend\controllers\UserInvoiceController::actionSearch()
2018-05-11 01:09:48 [127.0.0.1][125][-][info][application] $_POST = []

$_SESSION = [
    '__flash' => []
    '__id' => '125'
    'user' => app\models\SysUser#1
    (
        [n] => null
        [yii\db\BaseActiveRecord:_attributes] => [
            'id' => '125'
            'company' => '0'
            'community' => '32'
            'real_name' => '投资大厦'
            'name' => '投资大厦'
            'role' => '11'
            'phone' => '0772-4258511'
            'password' => 'qXTIxcvAHD7MYlWud29Xrw=='
            'status' => '1'
            'comment' => '用于账单导入、前台收费'
            'salt' => '697ff95191e1927b2204083f874b8c6d'
            'create_id' => '64'
            'create_time' => '2016-09-06 18:20:45'
            'update_time' => '2018-02-27 08:33:55'
            'update_id' => '64'
            'new_pd' => 'e10adc3949ba59abbe56e057f20f883e'
            'authKey' => null
        ]
        [yii\db\BaseActiveRecord:_oldAttributes] => null
        [yii\db\BaseActiveRecord:_related] => []
        [yii\db\BaseActiveRecord:_relationsDependencies] => []
        [yii\base\Model:_errors] => null
        [yii\base\Model:_validators] => null
        [yii\base\Model:_scenario] => 'default'
        [yii\base\Component:_events] => []
        [yii\base\Component:_eventWildcards] => []
        [yii\base\Component:_behaviors] => []
    )
    'community' => [
        0 => '32'
    ]
]
2018-05-11 01:09:49 [127.0.0.1][125][6pt32mnea2dva70l2a4o0ifnp7][trace][yii\base\Controller::runAction] Route to run: debug/default/toolbar
2018-05-11 01:09:49 [127.0.0.1][125][6pt32mnea2dva70l2a4o0ifnp7][trace][yii\base\Controller::runAction] Route to run: site/error
2018-05-11 01:09:49 [127.0.0.1][125][6pt32mnea2dva70l2a4o0ifnp7][info][application] $_POST = []

$_SESSION = [
    '__flash' => []
    '__id' => '125'
    'user' => app\models\SysUser#1
    (
        [n] => null
        [yii\db\BaseActiveRecord:_attributes] => [
            'id' => '125'
            'company' => '0'
            'community' => '32'
            'real_name' => '投资大厦'
            'name' => '投资大厦'
            'role' => '11'
            'phone' => '0772-4258511'
            'password' => 'qXTIxcvAHD7MYlWud29Xrw=='
            'status' => '1'
            'comment' => '用于账单导入、前台收费'
            'salt' => '697ff95191e1927b2204083f874b8c6d'
            'create_id' => '64'
            'create_time' => '2016-09-06 18:20:45'
            'update_time' => '2018-02-27 08:33:55'
            'update_id' => '64'
            'new_pd' => 'e10adc3949ba59abbe56e057f20f883e'
            'authKey' => null
        ]
        [yii\db\BaseActiveRecord:_oldAttributes] => null
        [yii\db\BaseActiveRecord:_related] => []
        [yii\db\BaseActiveRecord:_relationsDependencies] => []
        [yii\base\Model:_errors] => null
        [yii\base\Model:_validators] => null
        [yii\base\Model:_scenario] => 'default'
        [yii\base\Component:_events] => []
        [yii\base\Component:_eventWildcards] => []
        [yii\base\Component:_behaviors] => []
    )
    'community' => [
        0 => '32'
    ]
]
