2018-05-03 06:35:08 [127.0.0.1][-][-][error][yii\web\HttpException:404] yii\base\InvalidRouteException: Unable to resolve the request "homr". in C:\Apache24\htdocs\new\vendor\yiisoft\yii2\base\Module.php:537
Stack trace:
#0 C:\Apache24\htdocs\new\vendor\yiisoft\yii2\web\Application.php(103): yii\base\Module->runAction('homr', Array)
#1 C:\Apache24\htdocs\new\vendor\yiisoft\yii2\base\Application.php(386): yii\web\Application->handleRequest(Object(yii\web\Request))
#2 C:\Apache24\htdocs\new\frontend\web\index.php(17): yii\base\Application->run()
#3 {main}

Next yii\web\NotFoundHttpException: 页面未找到。 in C:\Apache24\htdocs\new\vendor\yiisoft\yii2\web\Application.php:115
Stack trace:
#0 C:\Apache24\htdocs\new\vendor\yiisoft\yii2\base\Application.php(386): yii\web\Application->handleRequest(Object(yii\web\Request))
#1 C:\Apache24\htdocs\new\frontend\web\index.php(17): yii\base\Application->run()
#2 {main}
2018-05-03 06:35:07 [127.0.0.1][-][-][info][application] $_GET = []

$_POST = []

$_FILES = []

$_COOKIE = [
    '_csrf-frontend' => '060ee34b076207a693fcf995451d702b35d66af0cc5283b83b122f93261bff88a:2:{i:0;s:14:\"_csrf-frontend\";i:1;s:32:\"iAgrd1OsQViizehrJI5WZMMMpRySCLpz\";}'
]

$_SERVER = [
    'REDIRECT_PATH_INFO' => 'homr'
    'REDIRECT_STATUS' => '200'
    'HTTP_HOST' => 'www.yuda.com'
    'HTTP_CONNECTION' => 'keep-alive'
    'HTTP_UPGRADE_INSECURE_REQUESTS' => '1'
    'HTTP_USER_AGENT' => 'Mozilla/5.0 (Windows NT 10.0; WOW64) AppleWebKit/537.36 (KHTML, like Gecko) Chrome/66.0.3359.139 Safari/537.36'
    'HTTP_ACCEPT' => 'text/html,application/xhtml+xml,application/xml;q=0.9,image/webp,image/apng,*/*;q=0.8'
    'HTTP_ACCEPT_ENCODING' => 'gzip, deflate'
    'HTTP_ACCEPT_LANGUAGE' => 'zh-CN,zh;q=0.9'
    'HTTP_COOKIE' => '_csrf-frontend=060ee34b076207a693fcf995451d702b35d66af0cc5283b83b122f93261bff88a%3A2%3A%7Bi%3A0%3Bs%3A14%3A%22_csrf-frontend%22%3Bi%3A1%3Bs%3A32%3A%22iAgrd1OsQViizehrJI5WZMMMpRySCLpz%22%3B%7D'
    'PATH' => 'C:\\Program Files (x86)\\Common Files\\Oracle\\Java\\javapath;C:\\Program Files (x86)\\Common Files\\Intel\\Shared Files\\cpp\\bin\\Intel64;C:\\Program Files\\Java\\jdk1.8.0_91\\bin;C:\\windows\\system32;C:\\windows;C:\\windows\\System32\\Wbem;C:\\windows\\System32\\WindowsPowerShell\\v1.0\\;C:\\Program Files (x86)\\Windows Kits\\10\\Windows Performance Toolkit\\;C:\\Program Files\\Java\\jdk1.8.0_91\\bin;C:\\Program Files\\Java\\jdk1.8.0_91\\jre\\bin;C:\\Program Files\\Java\\gradle-3.5/bin;C:\\php;C:\\ProgramData\\ComposerSetup\\bin;C:\\Program Files\\MySQL\\MySQL Utilities 1.6\\;C:\\Apache24\\bin;C:\\windows\\system32\\config\\systemprofile\\AppData\\Local\\Microsoft\\WindowsApps'
    'SystemRoot' => 'C:\\windows'
    'COMSPEC' => 'C:\\windows\\system32\\cmd.exe'
    'PATHEXT' => '.COM;.EXE;.BAT;.CMD;.VBS;.VBE;.JS;.JSE;.WSF;.WSH;.MSC;.PY'
    'WINDIR' => 'C:\\windows'
    'SERVER_SIGNATURE' => ''
    'SERVER_SOFTWARE' => 'Apache/2.4.29 (Win64) PHP/7.1.4'
    'SERVER_NAME' => 'www.yuda.com'
    'SERVER_ADDR' => '127.0.0.1'
    'SERVER_PORT' => '80'
    'REMOTE_ADDR' => '127.0.0.1'
    'DOCUMENT_ROOT' => 'C:/Apache24/htdocs/new/frontend/web'
    'REQUEST_SCHEME' => 'http'
    'CONTEXT_PREFIX' => ''
    'CONTEXT_DOCUMENT_ROOT' => 'C:/Apache24/htdocs/new/frontend/web'
    'SERVER_ADMIN' => '8052935015@qq.com'
    'SCRIPT_FILENAME' => 'C:/Apache24/htdocs/new/frontend/web/index.php'
    'REMOTE_PORT' => '57143'
    'REDIRECT_URL' => '/homr'
    'GATEWAY_INTERFACE' => 'CGI/1.1'
    'SERVER_PROTOCOL' => 'HTTP/1.1'
    'REQUEST_METHOD' => 'GET'
    'QUERY_STRING' => ''
    'REQUEST_URI' => '/homr'
    'SCRIPT_NAME' => '/index.php'
    'PHP_SELF' => '/index.php'
    'REQUEST_TIME_FLOAT' => 1525329307.905
    'REQUEST_TIME' => 1525329307
]
2018-05-03 06:35:12 [127.0.0.1][-][-][error][yii\web\HttpException:400] yii\web\BadRequestHttpException: 缺少参数：id in C:\Apache24\htdocs\new\vendor\yiisoft\yii2\web\Controller.php:149
Stack trace:
#0 C:\Apache24\htdocs\new\vendor\yiisoft\yii2\base\InlineAction.php(51): yii\web\Controller->bindActionParams(Object(yii\base\InlineAction), Array)
#1 C:\Apache24\htdocs\new\vendor\yiisoft\yii2\base\Controller.php(157): yii\base\InlineAction->runWithParams(Array)
#2 C:\Apache24\htdocs\new\vendor\yiisoft\yii2\base\Module.php(528): yii\base\Controller->runAction('', Array)
#3 C:\Apache24\htdocs\new\vendor\yiisoft\yii2\web\Application.php(103): yii\base\Module->runAction('home', Array)
#4 C:\Apache24\htdocs\new\vendor\yiisoft\yii2\base\Application.php(386): yii\web\Application->handleRequest(Object(yii\web\Request))
#5 C:\Apache24\htdocs\new\frontend\web\index.php(17): yii\base\Application->run()
#6 {main}
2018-05-03 06:35:12 [127.0.0.1][-][-][info][application] $_GET = []

$_POST = []

$_FILES = []

$_COOKIE = [
    '_csrf-frontend' => '060ee34b076207a693fcf995451d702b35d66af0cc5283b83b122f93261bff88a:2:{i:0;s:14:\"_csrf-frontend\";i:1;s:32:\"iAgrd1OsQViizehrJI5WZMMMpRySCLpz\";}'
]

$_SERVER = [
    'REDIRECT_PATH_INFO' => 'home'
    'REDIRECT_STATUS' => '200'
    'HTTP_HOST' => 'www.yuda.com'
    'HTTP_CONNECTION' => 'keep-alive'
    'HTTP_UPGRADE_INSECURE_REQUESTS' => '1'
    'HTTP_USER_AGENT' => 'Mozilla/5.0 (Windows NT 10.0; WOW64) AppleWebKit/537.36 (KHTML, like Gecko) Chrome/66.0.3359.139 Safari/537.36'
    'HTTP_ACCEPT' => 'text/html,application/xhtml+xml,application/xml;q=0.9,image/webp,image/apng,*/*;q=0.8'
    'HTTP_ACCEPT_ENCODING' => 'gzip, deflate'
    'HTTP_ACCEPT_LANGUAGE' => 'zh-CN,zh;q=0.9'
    'HTTP_COOKIE' => '_csrf-frontend=060ee34b076207a693fcf995451d702b35d66af0cc5283b83b122f93261bff88a%3A2%3A%7Bi%3A0%3Bs%3A14%3A%22_csrf-frontend%22%3Bi%3A1%3Bs%3A32%3A%22iAgrd1OsQViizehrJI5WZMMMpRySCLpz%22%3B%7D'
    'PATH' => 'C:\\Program Files (x86)\\Common Files\\Oracle\\Java\\javapath;C:\\Program Files (x86)\\Common Files\\Intel\\Shared Files\\cpp\\bin\\Intel64;C:\\Program Files\\Java\\jdk1.8.0_91\\bin;C:\\windows\\system32;C:\\windows;C:\\windows\\System32\\Wbem;C:\\windows\\System32\\WindowsPowerShell\\v1.0\\;C:\\Program Files (x86)\\Windows Kits\\10\\Windows Performance Toolkit\\;C:\\Program Files\\Java\\jdk1.8.0_91\\bin;C:\\Program Files\\Java\\jdk1.8.0_91\\jre\\bin;C:\\Program Files\\Java\\gradle-3.5/bin;C:\\php;C:\\ProgramData\\ComposerSetup\\bin;C:\\Program Files\\MySQL\\MySQL Utilities 1.6\\;C:\\Apache24\\bin;C:\\windows\\system32\\config\\systemprofile\\AppData\\Local\\Microsoft\\WindowsApps'
    'SystemRoot' => 'C:\\windows'
    'COMSPEC' => 'C:\\windows\\system32\\cmd.exe'
    'PATHEXT' => '.COM;.EXE;.BAT;.CMD;.VBS;.VBE;.JS;.JSE;.WSF;.WSH;.MSC;.PY'
    'WINDIR' => 'C:\\windows'
    'SERVER_SIGNATURE' => ''
    'SERVER_SOFTWARE' => 'Apache/2.4.29 (Win64) PHP/7.1.4'
    'SERVER_NAME' => 'www.yuda.com'
    'SERVER_ADDR' => '127.0.0.1'
    'SERVER_PORT' => '80'
    'REMOTE_ADDR' => '127.0.0.1'
    'DOCUMENT_ROOT' => 'C:/Apache24/htdocs/new/frontend/web'
    'REQUEST_SCHEME' => 'http'
    'CONTEXT_PREFIX' => ''
    'CONTEXT_DOCUMENT_ROOT' => 'C:/Apache24/htdocs/new/frontend/web'
    'SERVER_ADMIN' => '8052935015@qq.com'
    'SCRIPT_FILENAME' => 'C:/Apache24/htdocs/new/frontend/web/index.php'
    'REMOTE_PORT' => '57143'
    'REDIRECT_URL' => '/home'
    'GATEWAY_INTERFACE' => 'CGI/1.1'
    'SERVER_PROTOCOL' => 'HTTP/1.1'
    'REQUEST_METHOD' => 'GET'
    'QUERY_STRING' => ''
    'REQUEST_URI' => '/home'
    'SCRIPT_NAME' => '/index.php'
    'PHP_SELF' => '/index.php'
    'REQUEST_TIME_FLOAT' => 1525329312.505
    'REQUEST_TIME' => 1525329312
]
2018-05-03 06:36:05 [127.0.0.1][-][-][error][yii\base\ErrorException:2] yii\base\ErrorException: strncmp() expects parameter 1 to be string, array given in C:\Apache24\htdocs\new\vendor\yiisoft\yii2\base\View.php:172
Stack trace:
#0 [internal function]: yii\base\ErrorHandler->handleError(2, 'strncmp() expec...', 'C:\\Apache24\\htd...', 172, Array)
#1 C:\Apache24\htdocs\new\vendor\yiisoft\yii2\base\View.php(172): strncmp(Array, '@', 1)
#2 C:\Apache24\htdocs\new\vendor\yiisoft\yii2\base\View.php(155): yii\base\View->findViewFile(Array, Object(frontend\controllers\HomeController))
#3 C:\Apache24\htdocs\new\vendor\yiisoft\yii2\base\Controller.php(384): yii\base\View->render(Array, Array, Object(frontend\controllers\HomeController))
#4 C:\Apache24\htdocs\new\frontend\controllers\HomeController.php(13): yii\base\Controller->render(Array)
#5 [internal function]: frontend\controllers\HomeController->actionIndex()
#6 C:\Apache24\htdocs\new\vendor\yiisoft\yii2\base\InlineAction.php(57): call_user_func_array(Array, Array)
#7 C:\Apache24\htdocs\new\vendor\yiisoft\yii2\base\Controller.php(157): yii\base\InlineAction->runWithParams(Array)
#8 C:\Apache24\htdocs\new\vendor\yiisoft\yii2\base\Module.php(528): yii\base\Controller->runAction('index', Array)
#9 C:\Apache24\htdocs\new\vendor\yiisoft\yii2\web\Application.php(103): yii\base\Module->runAction('home/index', Array)
#10 C:\Apache24\htdocs\new\vendor\yiisoft\yii2\base\Application.php(386): yii\web\Application->handleRequest(Object(yii\web\Request))
#11 C:\Apache24\htdocs\new\frontend\web\index.php(17): yii\base\Application->run()
#12 {main}
2018-05-03 06:36:05 [127.0.0.1][-][-][info][application] $_GET = []

$_POST = []

$_FILES = []

$_COOKIE = [
    '_csrf-frontend' => '060ee34b076207a693fcf995451d702b35d66af0cc5283b83b122f93261bff88a:2:{i:0;s:14:\"_csrf-frontend\";i:1;s:32:\"iAgrd1OsQViizehrJI5WZMMMpRySCLpz\";}'
]

$_SERVER = [
    'REDIRECT_PATH_INFO' => 'home/index'
    'REDIRECT_STATUS' => '200'
    'HTTP_HOST' => 'www.yuda.com'
    'HTTP_CONNECTION' => 'keep-alive'
    'HTTP_CACHE_CONTROL' => 'max-age=0'
    'HTTP_UPGRADE_INSECURE_REQUESTS' => '1'
    'HTTP_USER_AGENT' => 'Mozilla/5.0 (Windows NT 10.0; WOW64) AppleWebKit/537.36 (KHTML, like Gecko) Chrome/66.0.3359.139 Safari/537.36'
    'HTTP_ACCEPT' => 'text/html,application/xhtml+xml,application/xml;q=0.9,image/webp,image/apng,*/*;q=0.8'
    'HTTP_ACCEPT_ENCODING' => 'gzip, deflate'
    'HTTP_ACCEPT_LANGUAGE' => 'zh-CN,zh;q=0.9'
    'HTTP_COOKIE' => '_csrf-frontend=060ee34b076207a693fcf995451d702b35d66af0cc5283b83b122f93261bff88a%3A2%3A%7Bi%3A0%3Bs%3A14%3A%22_csrf-frontend%22%3Bi%3A1%3Bs%3A32%3A%22iAgrd1OsQViizehrJI5WZMMMpRySCLpz%22%3B%7D'
    'PATH' => 'C:\\Program Files (x86)\\Common Files\\Oracle\\Java\\javapath;C:\\Program Files (x86)\\Common Files\\Intel\\Shared Files\\cpp\\bin\\Intel64;C:\\Program Files\\Java\\jdk1.8.0_91\\bin;C:\\windows\\system32;C:\\windows;C:\\windows\\System32\\Wbem;C:\\windows\\System32\\WindowsPowerShell\\v1.0\\;C:\\Program Files (x86)\\Windows Kits\\10\\Windows Performance Toolkit\\;C:\\Program Files\\Java\\jdk1.8.0_91\\bin;C:\\Program Files\\Java\\jdk1.8.0_91\\jre\\bin;C:\\Program Files\\Java\\gradle-3.5/bin;C:\\php;C:\\ProgramData\\ComposerSetup\\bin;C:\\Program Files\\MySQL\\MySQL Utilities 1.6\\;C:\\Apache24\\bin;C:\\windows\\system32\\config\\systemprofile\\AppData\\Local\\Microsoft\\WindowsApps'
    'SystemRoot' => 'C:\\windows'
    'COMSPEC' => 'C:\\windows\\system32\\cmd.exe'
    'PATHEXT' => '.COM;.EXE;.BAT;.CMD;.VBS;.VBE;.JS;.JSE;.WSF;.WSH;.MSC;.PY'
    'WINDIR' => 'C:\\windows'
    'SERVER_SIGNATURE' => ''
    'SERVER_SOFTWARE' => 'Apache/2.4.29 (Win64) PHP/7.1.4'
    'SERVER_NAME' => 'www.yuda.com'
    'SERVER_ADDR' => '127.0.0.1'
    'SERVER_PORT' => '80'
    'REMOTE_ADDR' => '127.0.0.1'
    'DOCUMENT_ROOT' => 'C:/Apache24/htdocs/new/frontend/web'
    'REQUEST_SCHEME' => 'http'
    'CONTEXT_PREFIX' => ''
    'CONTEXT_DOCUMENT_ROOT' => 'C:/Apache24/htdocs/new/frontend/web'
    'SERVER_ADMIN' => '8052935015@qq.com'
    'SCRIPT_FILENAME' => 'C:/Apache24/htdocs/new/frontend/web/index.php'
    'REMOTE_PORT' => '57223'
    'REDIRECT_URL' => '/home/index'
    'GATEWAY_INTERFACE' => 'CGI/1.1'
    'SERVER_PROTOCOL' => 'HTTP/1.1'
    'REQUEST_METHOD' => 'GET'
    'QUERY_STRING' => ''
    'REQUEST_URI' => '/home/index'
    'SCRIPT_NAME' => '/index.php'
    'PHP_SELF' => '/index.php'
    'REQUEST_TIME_FLOAT' => 1525329365.134
    'REQUEST_TIME' => 1525329365
]
2018-05-03 06:36:11 [127.0.0.1][-][-][error][yii\base\ErrorException:2] yii\base\ErrorException: strncmp() expects parameter 1 to be string, array given in C:\Apache24\htdocs\new\vendor\yiisoft\yii2\base\View.php:172
Stack trace:
#0 [internal function]: yii\base\ErrorHandler->handleError(2, 'strncmp() expec...', 'C:\\Apache24\\htd...', 172, Array)
#1 C:\Apache24\htdocs\new\vendor\yiisoft\yii2\base\View.php(172): strncmp(Array, '@', 1)
#2 C:\Apache24\htdocs\new\vendor\yiisoft\yii2\base\View.php(155): yii\base\View->findViewFile(Array, Object(frontend\controllers\HomeController))
#3 C:\Apache24\htdocs\new\vendor\yiisoft\yii2\base\Controller.php(384): yii\base\View->render(Array, Array, Object(frontend\controllers\HomeController))
#4 C:\Apache24\htdocs\new\frontend\controllers\HomeController.php(13): yii\base\Controller->render(Array)
#5 [internal function]: frontend\controllers\HomeController->actionIndex()
#6 C:\Apache24\htdocs\new\vendor\yiisoft\yii2\base\InlineAction.php(57): call_user_func_array(Array, Array)
#7 C:\Apache24\htdocs\new\vendor\yiisoft\yii2\base\Controller.php(157): yii\base\InlineAction->runWithParams(Array)
#8 C:\Apache24\htdocs\new\vendor\yiisoft\yii2\base\Module.php(528): yii\base\Controller->runAction('', Array)
#9 C:\Apache24\htdocs\new\vendor\yiisoft\yii2\web\Application.php(103): yii\base\Module->runAction('home', Array)
#10 C:\Apache24\htdocs\new\vendor\yiisoft\yii2\base\Application.php(386): yii\web\Application->handleRequest(Object(yii\web\Request))
#11 C:\Apache24\htdocs\new\frontend\web\index.php(17): yii\base\Application->run()
#12 {main}
2018-05-03 06:36:11 [127.0.0.1][-][-][info][application] $_GET = []

$_POST = []

$_FILES = []

$_COOKIE = [
    '_csrf-frontend' => '060ee34b076207a693fcf995451d702b35d66af0cc5283b83b122f93261bff88a:2:{i:0;s:14:\"_csrf-frontend\";i:1;s:32:\"iAgrd1OsQViizehrJI5WZMMMpRySCLpz\";}'
]

$_SERVER = [
    'REDIRECT_PATH_INFO' => 'home'
    'REDIRECT_STATUS' => '200'
    'HTTP_HOST' => 'www.yuda.com'
    'HTTP_CONNECTION' => 'keep-alive'
    'HTTP_UPGRADE_INSECURE_REQUESTS' => '1'
    'HTTP_USER_AGENT' => 'Mozilla/5.0 (Windows NT 10.0; WOW64) AppleWebKit/537.36 (KHTML, like Gecko) Chrome/66.0.3359.139 Safari/537.36'
    'HTTP_ACCEPT' => 'text/html,application/xhtml+xml,application/xml;q=0.9,image/webp,image/apng,*/*;q=0.8'
    'HTTP_ACCEPT_ENCODING' => 'gzip, deflate'
    'HTTP_ACCEPT_LANGUAGE' => 'zh-CN,zh;q=0.9'
    'HTTP_COOKIE' => '_csrf-frontend=060ee34b076207a693fcf995451d702b35d66af0cc5283b83b122f93261bff88a%3A2%3A%7Bi%3A0%3Bs%3A14%3A%22_csrf-frontend%22%3Bi%3A1%3Bs%3A32%3A%22iAgrd1OsQViizehrJI5WZMMMpRySCLpz%22%3B%7D'
    'PATH' => 'C:\\Program Files (x86)\\Common Files\\Oracle\\Java\\javapath;C:\\Program Files (x86)\\Common Files\\Intel\\Shared Files\\cpp\\bin\\Intel64;C:\\Program Files\\Java\\jdk1.8.0_91\\bin;C:\\windows\\system32;C:\\windows;C:\\windows\\System32\\Wbem;C:\\windows\\System32\\WindowsPowerShell\\v1.0\\;C:\\Program Files (x86)\\Windows Kits\\10\\Windows Performance Toolkit\\;C:\\Program Files\\Java\\jdk1.8.0_91\\bin;C:\\Program Files\\Java\\jdk1.8.0_91\\jre\\bin;C:\\Program Files\\Java\\gradle-3.5/bin;C:\\php;C:\\ProgramData\\ComposerSetup\\bin;C:\\Program Files\\MySQL\\MySQL Utilities 1.6\\;C:\\Apache24\\bin;C:\\windows\\system32\\config\\systemprofile\\AppData\\Local\\Microsoft\\WindowsApps'
    'SystemRoot' => 'C:\\windows'
    'COMSPEC' => 'C:\\windows\\system32\\cmd.exe'
    'PATHEXT' => '.COM;.EXE;.BAT;.CMD;.VBS;.VBE;.JS;.JSE;.WSF;.WSH;.MSC;.PY'
    'WINDIR' => 'C:\\windows'
    'SERVER_SIGNATURE' => ''
    'SERVER_SOFTWARE' => 'Apache/2.4.29 (Win64) PHP/7.1.4'
    'SERVER_NAME' => 'www.yuda.com'
    'SERVER_ADDR' => '127.0.0.1'
    'SERVER_PORT' => '80'
    'REMOTE_ADDR' => '127.0.0.1'
    'DOCUMENT_ROOT' => 'C:/Apache24/htdocs/new/frontend/web'
    'REQUEST_SCHEME' => 'http'
    'CONTEXT_PREFIX' => ''
    'CONTEXT_DOCUMENT_ROOT' => 'C:/Apache24/htdocs/new/frontend/web'
    'SERVER_ADMIN' => '8052935015@qq.com'
    'SCRIPT_FILENAME' => 'C:/Apache24/htdocs/new/frontend/web/index.php'
    'REMOTE_PORT' => '57225'
    'REDIRECT_URL' => '/home'
    'GATEWAY_INTERFACE' => 'CGI/1.1'
    'SERVER_PROTOCOL' => 'HTTP/1.1'
    'REQUEST_METHOD' => 'GET'
    'QUERY_STRING' => ''
    'REQUEST_URI' => '/home'
    'SCRIPT_NAME' => '/index.php'
    'PHP_SELF' => '/index.php'
    'REQUEST_TIME_FLOAT' => 1525329371.352
    'REQUEST_TIME' => 1525329371
]
2018-05-03 06:36:37 [127.0.0.1][-][-][error][yii\base\ErrorException:2] yii\base\ErrorException: strncmp() expects parameter 1 to be string, array given in C:\Apache24\htdocs\new\vendor\yiisoft\yii2\base\View.php:172
Stack trace:
#0 [internal function]: yii\base\ErrorHandler->handleError(2, 'strncmp() expec...', 'C:\\Apache24\\htd...', 172, Array)
#1 C:\Apache24\htdocs\new\vendor\yiisoft\yii2\base\View.php(172): strncmp(Array, '@', 1)
#2 C:\Apache24\htdocs\new\vendor\yiisoft\yii2\base\View.php(155): yii\base\View->findViewFile(Array, Object(frontend\controllers\HomeController))
#3 C:\Apache24\htdocs\new\vendor\yiisoft\yii2\base\Controller.php(384): yii\base\View->render(Array, Array, Object(frontend\controllers\HomeController))
#4 C:\Apache24\htdocs\new\frontend\controllers\HomeController.php(13): yii\base\Controller->render(Array)
#5 [internal function]: frontend\controllers\HomeController->actionIndex()
#6 C:\Apache24\htdocs\new\vendor\yiisoft\yii2\base\InlineAction.php(57): call_user_func_array(Array, Array)
#7 C:\Apache24\htdocs\new\vendor\yiisoft\yii2\base\Controller.php(157): yii\base\InlineAction->runWithParams(Array)
#8 C:\Apache24\htdocs\new\vendor\yiisoft\yii2\base\Module.php(528): yii\base\Controller->runAction('', Array)
#9 C:\Apache24\htdocs\new\vendor\yiisoft\yii2\web\Application.php(103): yii\base\Module->runAction('home', Array)
#10 C:\Apache24\htdocs\new\vendor\yiisoft\yii2\base\Application.php(386): yii\web\Application->handleRequest(Object(yii\web\Request))
#11 C:\Apache24\htdocs\new\frontend\web\index.php(17): yii\base\Application->run()
#12 {main}
2018-05-03 06:36:37 [127.0.0.1][-][-][info][application] $_GET = []

$_POST = []

$_FILES = []

$_COOKIE = [
    '_csrf-frontend' => '060ee34b076207a693fcf995451d702b35d66af0cc5283b83b122f93261bff88a:2:{i:0;s:14:\"_csrf-frontend\";i:1;s:32:\"iAgrd1OsQViizehrJI5WZMMMpRySCLpz\";}'
]

$_SERVER = [
    'REDIRECT_PATH_INFO' => 'home'
    'REDIRECT_STATUS' => '200'
    'HTTP_HOST' => 'www.yuda.com'
    'HTTP_CONNECTION' => 'keep-alive'
    'HTTP_CACHE_CONTROL' => 'max-age=0'
    'HTTP_UPGRADE_INSECURE_REQUESTS' => '1'
    'HTTP_USER_AGENT' => 'Mozilla/5.0 (Windows NT 10.0; WOW64) AppleWebKit/537.36 (KHTML, like Gecko) Chrome/66.0.3359.139 Safari/537.36'
    'HTTP_ACCEPT' => 'text/html,application/xhtml+xml,application/xml;q=0.9,image/webp,image/apng,*/*;q=0.8'
    'HTTP_ACCEPT_ENCODING' => 'gzip, deflate'
    'HTTP_ACCEPT_LANGUAGE' => 'zh-CN,zh;q=0.9'
    'HTTP_COOKIE' => '_csrf-frontend=060ee34b076207a693fcf995451d702b35d66af0cc5283b83b122f93261bff88a%3A2%3A%7Bi%3A0%3Bs%3A14%3A%22_csrf-frontend%22%3Bi%3A1%3Bs%3A32%3A%22iAgrd1OsQViizehrJI5WZMMMpRySCLpz%22%3B%7D'
    'PATH' => 'C:\\Program Files (x86)\\Common Files\\Oracle\\Java\\javapath;C:\\Program Files (x86)\\Common Files\\Intel\\Shared Files\\cpp\\bin\\Intel64;C:\\Program Files\\Java\\jdk1.8.0_91\\bin;C:\\windows\\system32;C:\\windows;C:\\windows\\System32\\Wbem;C:\\windows\\System32\\WindowsPowerShell\\v1.0\\;C:\\Program Files (x86)\\Windows Kits\\10\\Windows Performance Toolkit\\;C:\\Program Files\\Java\\jdk1.8.0_91\\bin;C:\\Program Files\\Java\\jdk1.8.0_91\\jre\\bin;C:\\Program Files\\Java\\gradle-3.5/bin;C:\\php;C:\\ProgramData\\ComposerSetup\\bin;C:\\Program Files\\MySQL\\MySQL Utilities 1.6\\;C:\\Apache24\\bin;C:\\windows\\system32\\config\\systemprofile\\AppData\\Local\\Microsoft\\WindowsApps'
    'SystemRoot' => 'C:\\windows'
    'COMSPEC' => 'C:\\windows\\system32\\cmd.exe'
    'PATHEXT' => '.COM;.EXE;.BAT;.CMD;.VBS;.VBE;.JS;.JSE;.WSF;.WSH;.MSC;.PY'
    'WINDIR' => 'C:\\windows'
    'SERVER_SIGNATURE' => ''
    'SERVER_SOFTWARE' => 'Apache/2.4.29 (Win64) PHP/7.1.4'
    'SERVER_NAME' => 'www.yuda.com'
    'SERVER_ADDR' => '127.0.0.1'
    'SERVER_PORT' => '80'
    'REMOTE_ADDR' => '127.0.0.1'
    'DOCUMENT_ROOT' => 'C:/Apache24/htdocs/new/frontend/web'
    'REQUEST_SCHEME' => 'http'
    'CONTEXT_PREFIX' => ''
    'CONTEXT_DOCUMENT_ROOT' => 'C:/Apache24/htdocs/new/frontend/web'
    'SERVER_ADMIN' => '8052935015@qq.com'
    'SCRIPT_FILENAME' => 'C:/Apache24/htdocs/new/frontend/web/index.php'
    'REMOTE_PORT' => '57280'
    'REDIRECT_URL' => '/home'
    'GATEWAY_INTERFACE' => 'CGI/1.1'
    'SERVER_PROTOCOL' => 'HTTP/1.1'
    'REQUEST_METHOD' => 'GET'
    'QUERY_STRING' => ''
    'REQUEST_URI' => '/home'
    'SCRIPT_NAME' => '/index.php'
    'PHP_SELF' => '/index.php'
    'REQUEST_TIME_FLOAT' => 1525329397.81
    'REQUEST_TIME' => 1525329397
]
2018-05-03 06:36:46 [127.0.0.1][-][-][error][yii\base\ErrorException:2] yii\base\ErrorException: strncmp() expects parameter 1 to be string, array given in C:\Apache24\htdocs\new\vendor\yiisoft\yii2\base\View.php:172
Stack trace:
#0 [internal function]: yii\base\ErrorHandler->handleError(2, 'strncmp() expec...', 'C:\\Apache24\\htd...', 172, Array)
#1 C:\Apache24\htdocs\new\vendor\yiisoft\yii2\base\View.php(172): strncmp(Array, '@', 1)
#2 C:\Apache24\htdocs\new\vendor\yiisoft\yii2\base\View.php(155): yii\base\View->findViewFile(Array, Object(frontend\controllers\HomeController))
#3 C:\Apache24\htdocs\new\vendor\yiisoft\yii2\base\Controller.php(384): yii\base\View->render(Array, Array, Object(frontend\controllers\HomeController))
#4 C:\Apache24\htdocs\new\frontend\controllers\HomeController.php(13): yii\base\Controller->render(Array)
#5 [internal function]: frontend\controllers\HomeController->actionIndex()
#6 C:\Apache24\htdocs\new\vendor\yiisoft\yii2\base\InlineAction.php(57): call_user_func_array(Array, Array)
#7 C:\Apache24\htdocs\new\vendor\yiisoft\yii2\base\Controller.php(157): yii\base\InlineAction->runWithParams(Array)
#8 C:\Apache24\htdocs\new\vendor\yiisoft\yii2\base\Module.php(528): yii\base\Controller->runAction('', Array)
#9 C:\Apache24\htdocs\new\vendor\yiisoft\yii2\web\Application.php(103): yii\base\Module->runAction('home', Array)
#10 C:\Apache24\htdocs\new\vendor\yiisoft\yii2\base\Application.php(386): yii\web\Application->handleRequest(Object(yii\web\Request))
#11 C:\Apache24\htdocs\new\frontend\web\index.php(17): yii\base\Application->run()
#12 {main}
2018-05-03 06:36:46 [127.0.0.1][-][-][info][application] $_GET = []

$_POST = []

$_FILES = []

$_COOKIE = []

$_SERVER = [
    'REDIRECT_PATH_INFO' => 'home'
    'REDIRECT_STATUS' => '200'
    'HTTP_HOST' => 'www.yuda.com'
    'HTTP_USER_AGENT' => 'Mozilla/5.0 (Windows NT 10.0; WOW64; rv:59.0) Gecko/20100101 Firefox/59.0'
    'HTTP_ACCEPT' => 'text/html,application/xhtml+xml,application/xml;q=0.9,*/*;q=0.8'
    'HTTP_ACCEPT_LANGUAGE' => 'zh-CN,zh;q=0.8,zh-TW;q=0.7,zh-HK;q=0.5,en-US;q=0.3,en;q=0.2'
    'HTTP_ACCEPT_ENCODING' => 'gzip, deflate'
    'HTTP_CONNECTION' => 'keep-alive'
    'HTTP_UPGRADE_INSECURE_REQUESTS' => '1'
    'PATH' => 'C:\\Program Files (x86)\\Common Files\\Oracle\\Java\\javapath;C:\\Program Files (x86)\\Common Files\\Intel\\Shared Files\\cpp\\bin\\Intel64;C:\\Program Files\\Java\\jdk1.8.0_91\\bin;C:\\windows\\system32;C:\\windows;C:\\windows\\System32\\Wbem;C:\\windows\\System32\\WindowsPowerShell\\v1.0\\;C:\\Program Files (x86)\\Windows Kits\\10\\Windows Performance Toolkit\\;C:\\Program Files\\Java\\jdk1.8.0_91\\bin;C:\\Program Files\\Java\\jdk1.8.0_91\\jre\\bin;C:\\Program Files\\Java\\gradle-3.5/bin;C:\\php;C:\\ProgramData\\ComposerSetup\\bin;C:\\Program Files\\MySQL\\MySQL Utilities 1.6\\;C:\\Apache24\\bin;C:\\windows\\system32\\config\\systemprofile\\AppData\\Local\\Microsoft\\WindowsApps'
    'SystemRoot' => 'C:\\windows'
    'COMSPEC' => 'C:\\windows\\system32\\cmd.exe'
    'PATHEXT' => '.COM;.EXE;.BAT;.CMD;.VBS;.VBE;.JS;.JSE;.WSF;.WSH;.MSC;.PY'
    'WINDIR' => 'C:\\windows'
    'SERVER_SIGNATURE' => ''
    'SERVER_SOFTWARE' => 'Apache/2.4.29 (Win64) PHP/7.1.4'
    'SERVER_NAME' => 'www.yuda.com'
    'SERVER_ADDR' => '127.0.0.1'
    'SERVER_PORT' => '80'
    'REMOTE_ADDR' => '127.0.0.1'
    'DOCUMENT_ROOT' => 'C:/Apache24/htdocs/new/frontend/web'
    'REQUEST_SCHEME' => 'http'
    'CONTEXT_PREFIX' => ''
    'CONTEXT_DOCUMENT_ROOT' => 'C:/Apache24/htdocs/new/frontend/web'
    'SERVER_ADMIN' => '8052935015@qq.com'
    'SCRIPT_FILENAME' => 'C:/Apache24/htdocs/new/frontend/web/index.php'
    'REMOTE_PORT' => '57320'
    'REDIRECT_URL' => '/home'
    'GATEWAY_INTERFACE' => 'CGI/1.1'
    'SERVER_PROTOCOL' => 'HTTP/1.1'
    'REQUEST_METHOD' => 'GET'
    'QUERY_STRING' => ''
    'REQUEST_URI' => '/home'
    'SCRIPT_NAME' => '/index.php'
    'PHP_SELF' => '/index.php'
    'REQUEST_TIME_FLOAT' => 1525329406.392
    'REQUEST_TIME' => 1525329406
]
